2023-07-25 20:31:33 DEBUG TelegramBot:55 - Не поддерживается
2023-07-25 21:18:31 DEBUG TelegramBot:55 - Не поддерживается
2023-07-25 21:48:19 DEBUG TelegramBot:55 - Не поддерживается
2023-07-25 22:25:56 DEBUG TelegramBot:73 - Не поддерживается
2023-07-25 22:26:01 DEBUG TelegramBot:73 - Привет Marat. Рад тебя видеть
2023-07-25 22:26:01 DEBUG TelegramBot:63 - Привет Marat. Рад тебя видеть
2023-07-25 22:38:59 DEBUG TelegramBot:81 - Открываю
2023-07-25 22:38:59 DEBUG TelegramBot:71 - Открываю
2023-07-25 22:38:59 DEBUG TelegramBot:81 - Не поддерживается
2023-07-25 22:39:49 DEBUG TelegramBot:82 - Открываю
2023-07-25 22:39:49 DEBUG TelegramBot:72 - Открываю
2023-07-25 22:45:55 DEBUG TelegramBot:82 - Не поддерживается
2023-07-25 22:47:03 DEBUG TelegramBotImpl:82 - Не поддерживается
2023-07-25 22:59:27 DEBUG TelegramBotImpl:86 - Не поддерживается
2023-07-25 22:59:43 DEBUG TelegramBotImpl:86 - Открываю
2023-07-25 22:59:43 DEBUG TelegramBotImpl:76 - Открываю
2023-07-25 23:06:02 DEBUG TelegramBotImpl:81 - Не поддерживается
2023-07-25 23:40:32 DEBUG TelegramBotImpl:81 - Привет Marat. Рад тебя видеть
2023-07-25 23:40:32 DEBUG TelegramBotImpl:65 - Привет Marat. Рад тебя видеть
2023-07-26 11:42:02 DEBUG TelegramBotImpl:81 - Не поддерживается
2023-07-26 21:23:57 DEBUG TelegramBotImpl:81 - Не поддерживается
2023-07-26 21:24:02 DEBUG TelegramBotImpl:81 - Привет Marat. Рад тебя видеть
2023-07-26 21:24:02 DEBUG TelegramBotImpl:65 - Привет Marat. Рад тебя видеть
2023-07-26 21:25:11 DEBUG TelegramBotImpl:81 - Не поддерживается
2023-07-26 21:25:11 DEBUG TelegramBotImpl:81 - Не поддерживается
2023-07-26 21:25:23 DEBUG TelegramBotImpl:81 - Не поддерживается
2023-07-26 21:25:51 DEBUG TelegramBotImpl:81 - Привет Marat. Рад тебя видеть
2023-07-26 21:25:51 DEBUG TelegramBotImpl:65 - Привет Marat. Рад тебя видеть
2023-07-26 21:25:57 DEBUG TelegramBotImpl:81 - Открываю
2023-07-26 21:25:57 DEBUG TelegramBotImpl:71 - Открываю
2023-07-26 22:57:27 DEBUG TelegramBotImpl:81 - Привет Marat. Рад тебя видеть
2023-07-26 22:57:27 DEBUG TelegramBotImpl:65 - Привет Marat. Рад тебя видеть
2023-07-26 22:57:35 DEBUG TelegramBotImpl:81 - Открываю
2023-07-26 22:57:35 DEBUG TelegramBotImpl:71 - Открываю
2023-07-26 23:50:42 DEBUG TelegramBotImpl:88 - Привет Marat. Рад тебя видеть
2023-07-26 23:50:42 DEBUG TelegramBotImpl:72 - Привет Marat. Рад тебя видеть
2023-07-26 23:51:43 DEBUG TelegramBotImpl:88 - Привет Marat. Рад тебя видеть
2023-07-26 23:51:43 DEBUG TelegramBotImpl:72 - Привет Marat. Рад тебя видеть
2023-07-26 23:53:13 DEBUG TelegramBotImpl:88 - Привет Marat. Рад тебя видеть
2023-07-26 23:53:13 DEBUG TelegramBotImpl:72 - Привет Marat. Рад тебя видеть, 1292677678
2023-07-26 23:54:42 DEBUG TelegramBotImpl:88 - Привет Marat. Рад тебя видеть
2023-07-26 23:54:42 DEBUG TelegramBotImpl:72 - Привет Marat. Рад тебя видеть, 1292677678
2023-07-26 23:55:00 DEBUG TelegramBotImpl:88 - Привет Marat. Рад тебя видеть
2023-07-26 23:55:00 DEBUG TelegramBotImpl:72 - Привет Marat. Рад тебя видеть, 1292677678
2023-07-27 11:34:20 DEBUG TelegramBotImpl:89 - Привет Marat. Рад тебя видеть
2023-07-27 11:34:20 DEBUG TelegramBotImpl:73 - Привет Marat. Рад тебя видеть, 1292677678
